2023-04-18 15:23:40:INFO:Created CSV header for COSCO
2023-04-18 15:23:41:INFO:Service Group Results:
2023-04-18 15:23:41:INFO:https://lines.coscoshipping.com/homeapi/routeService/ServiceLoopGroup/11.do
2023-04-18 15:23:41:INFO:https://lines.coscoshipping.com/homeapi/routeService/ServiceLoopGroup/12.do
2023-04-18 15:23:41:INFO:https://lines.coscoshipping.com/homeapi/routeService/ServiceLoopGroup/13.do
2023-04-18 15:23:41:INFO:https://lines.coscoshipping.com/homeapi/routeService/ServiceLoopGroup/14.do
2023-04-18 15:23:41:INFO:https://lines.coscoshipping.com/homeapi/routeService/ServiceLoopGroup/15.do
2023-04-18 15:23:41:INFO:https://lines.coscoshipping.com/homeapi/routeService/ServiceLoopGroup/16.do
2023-04-18 15:23:41:INFO:https://lines.coscoshipping.com/homeapi/routeService/ServiceLoopGroup/17.do
2023-04-18 15:23:41:INFO:https://lines.coscoshipping.com/homeapi/routeService/ServiceLoopGroup/18.do
2023-04-18 15:23:41:INFO:Service Group Crawled: 8 URLs
2023-04-18 15:23:41:INFO:Service Group Processed: 8 URLs
2023-04-18 15:23:42:INFO:Route Services Results:
2023-04-18 15:23:42:INFO:https://lines.coscoshipping.com/homeapi/routeService/routeService/1.do
2023-04-18 15:23:42:INFO:https://lines.coscoshipping.com/homeapi/routeService/routeService/10.do
2023-04-18 15:23:42:INFO:https://lines.coscoshipping.com/homeapi/routeService/routeService/11.do
2023-04-18 15:23:42:INFO:https://lines.coscoshipping.com/homeapi/routeService/routeService/12.do
2023-04-18 15:23:42:INFO:https://lines.coscoshipping.com/homeapi/routeService/routeService/13.do
2023-04-18 15:23:42:INFO:https://lines.coscoshipping.com/homeapi/routeService/routeService/14.do
2023-04-18 15:23:42:INFO:https://lines.coscoshipping.com/homeapi/routeService/routeService/15.do
2023-04-18 15:23:42:INFO:https://lines.coscoshipping.com/homeapi/routeService/routeService/16.do
2023-04-18 15:23:42:INFO:https://lines.coscoshipping.com/homeapi/routeService/routeService/17.do
2023-04-18 15:23:42:INFO:https://lines.coscoshipping.com/homeapi/routeService/routeService/18.do
2023-04-18 15:23:42:INFO:https://lines.coscoshipping.com/homeapi/routeService/routeService/19.do
2023-04-18 15:23:42:INFO:https://lines.coscoshipping.com/homeapi/routeService/routeService/2.do
2023-04-18 15:23:42:INFO:https://lines.coscoshipping.com/homeapi/routeService/routeService/20.do
2023-04-18 15:23:42:INFO:https://lines.coscoshipping.com/homeapi/routeService/routeService/21.do
2023-04-18 15:23:42:INFO:https://lines.coscoshipping.com/homeapi/routeService/routeService/22.do
2023-04-18 15:23:42:INFO:https://lines.coscoshipping.com/homeapi/routeService/routeService/23.do
2023-04-18 15:23:42:INFO:https://lines.coscoshipping.com/homeapi/routeService/routeService/25.do
2023-04-18 15:23:42:INFO:https://lines.coscoshipping.com/homeapi/routeService/routeService/26.do
2023-04-18 15:23:42:INFO:https://lines.coscoshipping.com/homeapi/routeService/routeService/27.do
2023-04-18 15:23:42:INFO:https://lines.coscoshipping.com/homeapi/routeService/routeService/28.do
2023-04-18 15:23:42:INFO:https://lines.coscoshipping.com/homeapi/routeService/routeService/29.do
2023-04-18 15:23:42:INFO:https://lines.coscoshipping.com/homeapi/routeService/routeService/3.do
2023-04-18 15:23:42:INFO:https://lines.coscoshipping.com/homeapi/routeService/routeService/30.do
2023-04-18 15:23:42:INFO:https://lines.coscoshipping.com/homeapi/routeService/routeService/31.do
2023-04-18 15:23:42:INFO:https://lines.coscoshipping.com/homeapi/routeService/routeService/34.do
2023-04-18 15:23:42:INFO:https://lines.coscoshipping.com/homeapi/routeService/routeService/35.do
2023-04-18 15:23:42:INFO:https://lines.coscoshipping.com/homeapi/routeService/routeService/36.do
2023-04-18 15:23:42:INFO:https://lines.coscoshipping.com/homeapi/routeService/routeService/37.do
2023-04-18 15:23:42:INFO:https://lines.coscoshipping.com/homeapi/routeService/routeService/39.do
2023-04-18 15:23:42:INFO:https://lines.coscoshipping.com/homeapi/routeService/routeService/4.do
2023-04-18 15:23:42:INFO:https://lines.coscoshipping.com/homeapi/routeService/routeService/5.do
2023-04-18 15:23:42:INFO:https://lines.coscoshipping.com/homeapi/routeService/routeService/6.do
2023-04-18 15:23:42:INFO:https://lines.coscoshipping.com/homeapi/routeService/routeService/7.do
2023-04-18 15:23:42:INFO:https://lines.coscoshipping.com/homeapi/routeService/routeService/8.do
2023-04-18 15:23:42:INFO:https://lines.coscoshipping.com/homeapi/routeService/routeService/9.do
2023-04-18 15:23:42:INFO:Route Services Crawled: 25 URLs
2023-04-18 15:23:42:INFO:Route Services Processed: 35 URLs
2023-04-18 15:23:44:INFO:Call Ports Results:
2023-04-18 15:23:44:INFO:https://lines.coscoshipping.com/homeapi/routeService/callPort/AAC.do
2023-04-18 15:23:44:INFO:https://lines.coscoshipping.com/homeapi/routeService/callPort/AAC2.do
2023-04-18 15:23:44:INFO:https://lines.coscoshipping.com/homeapi/routeService/callPort/AAC4.do
2023-04-18 15:23:44:INFO:https://lines.coscoshipping.com/homeapi/routeService/callPort/AAS2.do
2023-04-18 15:23:44:INFO:https://lines.coscoshipping.com/homeapi/routeService/callPort/AAS3.do
2023-04-18 15:23:44:INFO:https://lines.coscoshipping.com/homeapi/routeService/callPort/AAS4.do
2023-04-18 15:23:44:INFO:https://lines.coscoshipping.com/homeapi/routeService/callPort/AEM1.do
2023-04-18 15:23:44:INFO:https://lines.coscoshipping.com/homeapi/routeService/callPort/AEM2.do
2023-04-18 15:23:44:INFO:https://lines.coscoshipping.com/homeapi/routeService/callPort/AEM3.do
2023-04-18 15:23:44:INFO:https://lines.coscoshipping.com/homeapi/routeService/callPort/AEM5.do
2023-04-18 15:23:44:INFO:https://lines.coscoshipping.com/homeapi/routeService/callPort/AEM6.do
2023-04-18 15:23:44:INFO:https://lines.coscoshipping.com/homeapi/routeService/callPort/AEU1.do
2023-04-18 15:23:44:INFO:https://lines.coscoshipping.com/homeapi/routeService/callPort/AEU2.do
2023-04-18 15:23:44:INFO:https://lines.coscoshipping.com/homeapi/routeService/callPort/AEU3.do
2023-04-18 15:23:44:INFO:https://lines.coscoshipping.com/homeapi/routeService/callPort/AEU5.do
2023-04-18 15:23:44:INFO:https://lines.coscoshipping.com/homeapi/routeService/callPort/AEU6.do
2023-04-18 15:23:44:INFO:https://lines.coscoshipping.com/homeapi/routeService/callPort/AEU7.do
2023-04-18 15:23:44:INFO:https://lines.coscoshipping.com/homeapi/routeService/callPort/AEU9.do
2023-04-18 15:23:44:INFO:https://lines.coscoshipping.com/homeapi/routeService/callPort/AG2.do
2023-04-18 15:23:44:INFO:https://lines.coscoshipping.com/homeapi/routeService/callPort/AGI.do
2023-04-18 15:23:44:INFO:https://lines.coscoshipping.com/homeapi/routeService/callPort/AGI2.do
2023-04-18 15:23:44:INFO:https://lines.coscoshipping.com/homeapi/routeService/callPort/AGT.do
2023-04-18 15:23:44:INFO:https://lines.coscoshipping.com/homeapi/routeService/callPort/AGX.do
2023-04-18 15:23:44:INFO:https://lines.coscoshipping.com/homeapi/routeService/callPort/AIG.do
2023-04-18 15:23:44:INFO:https://lines.coscoshipping.com/homeapi/routeService/callPort/AIS.do
2023-04-18 15:23:44:INFO:https://lines.coscoshipping.com/homeapi/routeService/callPort/AS1.do
2023-04-18 15:23:44:INFO:https://lines.coscoshipping.com/homeapi/routeService/callPort/ASX.do
2023-04-18 15:23:44:INFO:https://lines.coscoshipping.com/homeapi/routeService/callPort/AWE1-ACA.do
2023-04-18 15:23:44:INFO:https://lines.coscoshipping.com/homeapi/routeService/callPort/AWE1.do
2023-04-18 15:23:44:INFO:https://lines.coscoshipping.com/homeapi/routeService/callPort/AWE2.do
2023-04-18 15:23:44:INFO:https://lines.coscoshipping.com/homeapi/routeService/callPort/AWE3.do
2023-04-18 15:23:44:INFO:https://lines.coscoshipping.com/homeapi/routeService/callPort/AWE4-ACA.do
2023-04-18 15:23:44:INFO:https://lines.coscoshipping.com/homeapi/routeService/callPort/AWE4.do
2023-04-18 15:23:44:INFO:https://lines.coscoshipping.com/homeapi/routeService/callPort/AWE5.do
2023-04-18 15:23:44:INFO:https://lines.coscoshipping.com/homeapi/routeService/callPort/AWE7.do
2023-04-18 15:23:44:INFO:https://lines.coscoshipping.com/homeapi/routeService/callPort/AWES.do
2023-04-18 15:23:44:INFO:https://lines.coscoshipping.com/homeapi/routeService/callPort/BRX2.do
2023-04-18 15:23:44:INFO:https://lines.coscoshipping.com/homeapi/routeService/callPort/BSM.do
2023-04-18 15:23:44:INFO:https://lines.coscoshipping.com/homeapi/routeService/callPort/BZX.do
2023-04-18 15:23:44:INFO:https://lines.coscoshipping.com/homeapi/routeService/callPort/BZX2.do
2023-04-18 15:23:44:INFO:https://lines.coscoshipping.com/homeapi/routeService/callPort/CAX1.do
2023-04-18 15:23:44:INFO:https://lines.coscoshipping.com/homeapi/routeService/callPort/CEN.do
2023-04-18 15:23:44:INFO:https://lines.coscoshipping.com/homeapi/routeService/callPort/CHL-V.do
2023-04-18 15:23:44:INFO:https://lines.coscoshipping.com/homeapi/routeService/callPort/CI1.do
2023-04-18 15:23:44:INFO:https://lines.coscoshipping.com/homeapi/routeService/callPort/CIS.do
2023-04-18 15:23:44:INFO:https://lines.coscoshipping.com/homeapi/routeService/callPort/CIT.do
2023-04-18 15:23:44:INFO:https://lines.coscoshipping.com/homeapi/routeService/callPort/CIX3.do
2023-04-18 15:23:44:INFO:https://lines.coscoshipping.com/homeapi/routeService/callPort/CIXX.do
2023-04-18 15:23:44:INFO:https://lines.coscoshipping.com/homeapi/routeService/callPort/CKI.do
2023-04-18 15:23:44:INFO:https://lines.coscoshipping.com/homeapi/routeService/callPort/CNP2.do
2023-04-18 15:23:44:INFO:https://lines.coscoshipping.com/homeapi/routeService/callPort/CNS.do
2023-04-18 15:23:44:INFO:https://lines.coscoshipping.com/homeapi/routeService/callPort/CP8.do
2023-04-18 15:23:44:INFO:https://lines.coscoshipping.com/homeapi/routeService/callPort/CPF.do
2023-04-18 15:23:44:INFO:https://lines.coscoshipping.com/homeapi/routeService/callPort/CPNW.do
2023-04-18 15:23:44:INFO:https://lines.coscoshipping.com/homeapi/routeService/callPort/CPX.do
2023-04-18 15:23:44:INFO:https://lines.coscoshipping.com/homeapi/routeService/callPort/CSE.do
2023-04-18 15:23:44:INFO:https://lines.coscoshipping.com/homeapi/routeService/callPort/CT2.do
2023-04-18 15:23:44:INFO:https://lines.coscoshipping.com/homeapi/routeService/callPort/CT3.do
2023-04-18 15:23:44:INFO:https://lines.coscoshipping.com/homeapi/routeService/callPort/CTI1.do
2023-04-18 15:23:44:INFO:https://lines.coscoshipping.com/homeapi/routeService/callPort/CTJ.do
2023-04-18 15:23:44:INFO:https://lines.coscoshipping.com/homeapi/routeService/callPort/CV1.do
2023-04-18 15:23:44:INFO:https://lines.coscoshipping.com/homeapi/routeService/callPort/CV2-C.do
2023-04-18 15:23:44:INFO:https://lines.coscoshipping.com/homeapi/routeService/callPort/CV2-N.do
2023-04-18 15:23:44:INFO:https://lines.coscoshipping.com/homeapi/routeService/callPort/CV3.do
2023-04-18 15:23:44:INFO:https://lines.coscoshipping.com/homeapi/routeService/callPort/CV5.do
2023-04-18 15:23:44:INFO:https://lines.coscoshipping.com/homeapi/routeService/callPort/CVX1.do
2023-04-18 15:23:44:INFO:https://lines.coscoshipping.com/homeapi/routeService/callPort/CYH.do
2023-04-18 15:23:44:INFO:https://lines.coscoshipping.com/homeapi/routeService/callPort/EAX1.do
2023-04-18 15:23:44:INFO:https://lines.coscoshipping.com/homeapi/routeService/callPort/EAX3.do
2023-04-18 15:23:44:INFO:https://lines.coscoshipping.com/homeapi/routeService/callPort/EAX4.do
2023-04-18 15:23:44:INFO:https://lines.coscoshipping.com/homeapi/routeService/callPort/ECX.do
2023-04-18 15:23:44:INFO:https://lines.coscoshipping.com/homeapi/routeService/callPort/EPIC1.do
2023-04-18 15:23:44:INFO:https://lines.coscoshipping.com/homeapi/routeService/callPort/EPIC2.do
2023-04-18 15:23:44:INFO:https://lines.coscoshipping.com/homeapi/routeService/callPort/EPIC3.do
2023-04-18 15:23:44:INFO:https://lines.coscoshipping.com/homeapi/routeService/callPort/EPNW.do
2023-04-18 15:23:44:INFO:https://lines.coscoshipping.com/homeapi/routeService/callPort/ESA.do
2023-04-18 15:23:44:INFO:https://lines.coscoshipping.com/homeapi/routeService/callPort/ESA2.do
2023-04-18 15:23:44:INFO:https://lines.coscoshipping.com/homeapi/routeService/callPort/ESE.do
2023-04-18 15:23:44:INFO:https://lines.coscoshipping.com/homeapi/routeService/callPort/FCE.do
2023-04-18 15:23:44:INFO:https://lines.coscoshipping.com/homeapi/routeService/callPort/FCS.do
2023-04-18 15:23:44:INFO:https://lines.coscoshipping.com/homeapi/routeService/callPort/GCO.do
2023-04-18 15:23:44:INFO:https://lines.coscoshipping.com/homeapi/routeService/callPort/GCX.do
2023-04-18 15:23:44:INFO:https://lines.coscoshipping.com/homeapi/routeService/callPort/GEM.do
2023-04-18 15:23:44:INFO:https://lines.coscoshipping.com/homeapi/routeService/callPort/GME.do
2023-04-18 15:23:44:INFO:https://lines.coscoshipping.com/homeapi/routeService/callPort/GME2.do
2023-04-18 15:23:44:INFO:https://lines.coscoshipping.com/homeapi/routeService/callPort/IEX.do
2023-04-18 15:23:44:INFO:https://lines.coscoshipping.com/homeapi/routeService/callPort/IHX.do
2023-04-18 15:23:44:INFO:https://lines.coscoshipping.com/homeapi/routeService/callPort/IMEX.do
2023-04-18 15:23:44:INFO:https://lines.coscoshipping.com/homeapi/routeService/callPort/IPE.do
2023-04-18 15:23:44:INFO:https://lines.coscoshipping.com/homeapi/routeService/callPort/IQQ.do
2023-04-18 15:23:44:INFO:https://lines.coscoshipping.com/homeapi/routeService/callPort/JCV.do
2023-04-18 15:23:44:INFO:https://lines.coscoshipping.com/homeapi/routeService/callPort/JKN.do
2023-04-18 15:23:44:INFO:https://lines.coscoshipping.com/homeapi/routeService/callPort/JPI.do
2023-04-18 15:23:44:INFO:https://lines.coscoshipping.com/homeapi/routeService/callPort/JPSW.do
2023-04-18 15:23:44:INFO:https://lines.coscoshipping.com/homeapi/routeService/callPort/KCS1.do
2023-04-18 15:23:44:INFO:https://lines.coscoshipping.com/homeapi/routeService/callPort/KCS2.do
2023-04-18 15:23:44:INFO:https://lines.coscoshipping.com/homeapi/routeService/callPort/KGS.do
2023-04-18 15:23:44:INFO:https://lines.coscoshipping.com/homeapi/routeService/callPort/KTX1.do
2023-04-18 15:23:44:INFO:https://lines.coscoshipping.com/homeapi/routeService/callPort/KTX3.do
2023-04-18 15:23:44:INFO:https://lines.coscoshipping.com/homeapi/routeService/callPort/LGX1.do
2023-04-18 15:23:44:INFO:https://lines.coscoshipping.com/homeapi/routeService/callPort/MCX.do
2023-04-18 15:23:44:INFO:https://lines.coscoshipping.com/homeapi/routeService/callPort/MEX.do
2023-04-18 15:23:44:INFO:https://lines.coscoshipping.com/homeapi/routeService/callPort/MEX2.do
2023-04-18 15:23:44:INFO:https://lines.coscoshipping.com/homeapi/routeService/callPort/MEX4.do
2023-04-18 15:23:44:INFO:https://lines.coscoshipping.com/homeapi/routeService/callPort/MEX5.do
2023-04-18 15:23:44:INFO:https://lines.coscoshipping.com/homeapi/routeService/callPort/MFS.do
2023-04-18 15:23:44:INFO:https://lines.coscoshipping.com/homeapi/routeService/callPort/MINA.do
2023-04-18 15:23:44:INFO:https://lines.coscoshipping.com/homeapi/routeService/callPort/MPNW.do
2023-04-18 15:23:44:INFO:https://lines.coscoshipping.com/homeapi/routeService/callPort/MWAX.do
2023-04-18 15:23:44:INFO:https://lines.coscoshipping.com/homeapi/routeService/callPort/NCT.do
2023-04-18 15:23:44:INFO:https://lines.coscoshipping.com/homeapi/routeService/callPort/NET.do
2023-04-18 15:23:44:INFO:https://lines.coscoshipping.com/homeapi/routeService/callPort/NET2.do
2023-04-18 15:23:44:INFO:https://lines.coscoshipping.com/homeapi/routeService/callPort/NEWA.do
2023-04-18 15:23:44:INFO:https://lines.coscoshipping.com/homeapi/routeService/callPort/NP1.do
2023-04-18 15:23:44:INFO:https://lines.coscoshipping.com/homeapi/routeService/callPort/NVX.do
2023-04-18 15:23:44:INFO:https://lines.coscoshipping.com/homeapi/routeService/callPort/OPNW.do
2023-04-18 15:23:44:INFO:https://lines.coscoshipping.com/homeapi/routeService/callPort/PBX.do
2023-04-18 15:23:44:INFO:https://lines.coscoshipping.com/homeapi/routeService/callPort/PCX.do
2023-04-18 15:23:44:INFO:https://lines.coscoshipping.com/homeapi/routeService/callPort/PMX.do
2023-04-18 15:23:44:INFO:https://lines.coscoshipping.com/homeapi/routeService/callPort/PNX.do
2023-04-18 15:23:44:INFO:https://lines.coscoshipping.com/homeapi/routeService/callPort/PRS.do
2023-04-18 15:23:44:INFO:https://lines.coscoshipping.com/homeapi/routeService/callPort/PVS.do
2023-04-18 15:23:44:INFO:https://lines.coscoshipping.com/homeapi/routeService/callPort/QVS.do
2023-04-18 15:23:44:INFO:https://lines.coscoshipping.com/homeapi/routeService/callPort/RBC2.do
2023-04-18 15:23:44:INFO:https://lines.coscoshipping.com/homeapi/routeService/callPort/RES1.do
2023-04-18 15:23:44:INFO:https://lines.coscoshipping.com/homeapi/routeService/callPort/RES2.do
2023-04-18 15:23:44:INFO:https://lines.coscoshipping.com/homeapi/routeService/callPort/RSP.do
2023-04-18 15:23:44:INFO:https://lines.coscoshipping.com/homeapi/routeService/callPort/SCT.do
2023-04-18 15:23:44:INFO:https://lines.coscoshipping.com/homeapi/routeService/callPort/SCX2.do
2023-04-18 15:23:44:INFO:https://lines.coscoshipping.com/homeapi/routeService/callPort/SEA.do
2023-04-18 15:23:44:INFO:https://lines.coscoshipping.com/homeapi/routeService/callPort/SEA2.do
2023-04-18 15:23:44:INFO:https://lines.coscoshipping.com/homeapi/routeService/callPort/SHS.do
2023-04-18 15:23:44:INFO:https://lines.coscoshipping.com/homeapi/routeService/callPort/SHX.do
2023-04-18 15:23:44:INFO:https://lines.coscoshipping.com/homeapi/routeService/callPort/SKX1.do
2023-04-18 15:23:44:INFO:https://lines.coscoshipping.com/homeapi/routeService/callPort/SRX2.do
2023-04-18 15:23:44:INFO:https://lines.coscoshipping.com/homeapi/routeService/callPort/SSX1.do
2023-04-18 15:23:44:INFO:https://lines.coscoshipping.com/homeapi/routeService/callPort/SVG.do
2023-04-18 15:23:44:INFO:https://lines.coscoshipping.com/homeapi/routeService/callPort/TBX.do
2023-04-18 15:23:44:INFO:https://lines.coscoshipping.com/homeapi/routeService/callPort/TBX1.do
2023-04-18 15:23:44:INFO:https://lines.coscoshipping.com/homeapi/routeService/callPort/TCX.do
2023-04-18 15:23:44:INFO:https://lines.coscoshipping.com/homeapi/routeService/callPort/UIG.do
2023-04-18 15:23:44:INFO:https://lines.coscoshipping.com/homeapi/routeService/callPort/VJS.do
2023-04-18 15:23:44:INFO:https://lines.coscoshipping.com/homeapi/routeService/callPort/VTS.do
2023-04-18 15:23:44:INFO:https://lines.coscoshipping.com/homeapi/routeService/callPort/WSA.do
2023-04-18 15:23:44:INFO:https://lines.coscoshipping.com/homeapi/routeService/callPort/WSA2.do
2023-04-18 15:23:44:INFO:https://lines.coscoshipping.com/homeapi/routeService/callPort/WSA3.do
2023-04-18 15:23:44:INFO:https://lines.coscoshipping.com/homeapi/routeService/callPort/WSA4.do
2023-04-18 15:23:44:INFO:https://lines.coscoshipping.com/homeapi/routeService/callPort/WSA5.do
2023-04-18 15:23:44:INFO:https://lines.coscoshipping.com/homeapi/routeService/callPort/WSX.do
2023-04-18 15:23:44:INFO:https://lines.coscoshipping.com/homeapi/routeService/callPort/YCX.do
2023-04-18 15:23:44:INFO:https://lines.coscoshipping.com/homeapi/routeService/callPort/ZAX1.do
2023-04-18 15:23:44:INFO:https://lines.coscoshipping.com/homeapi/routeService/callPort/ZAX2.do
2023-04-18 15:23:44:INFO:https://lines.coscoshipping.com/homeapi/routeService/callPort/ZAX3.do
2023-04-18 15:23:44:INFO:Call Ports Results Crawled: 25 URLs
2023-04-18 15:23:44:INFO:Call Ports Results Processed: 153 URLs
2023-04-18 15:23:44:INFO:Anything pending?: None
2023-04-18 15:23:44:INFO:Done in 4.17s
2023-04-18 15:23:44:INFO:Connected (version 2.0, client Maverick_SSHD)
2023-04-18 15:23:45:INFO:Authentication (password) successful!
2023-04-18 15:23:46:INFO:[chan 0] Opened sftp connection (server version 3)
2023-04-18 15:23:46:INFO:Connected to mft-int.int.kn as schedules_apiapp.
2023-04-18 15:23:46:INFO:cd working directory
2023-04-18 15:23:46:INFO:uploading to mft-int.int.kn as schedules_apiapp [(remote path: /pub/inbound/services/cosu);(file name:cosco_services_20230418T152346086087.csv)(source local path: C:\Users\neck.chi\PycharmProjects\service_crawler\cosco_services\cosco_port_rotation.csv)]
2023-04-18 15:23:46:INFO:[chan 0] sftp session closed.
2023-04-18 15:23:46:INFO:Disconnected from host mft-int.int.kn
